# JRE version: OpenJDK Runtime Environment (8.0_152-b01) (build 1.8.0_152-release-915-b01)
# Java VM: OpenJDK 64-Bit Server VM (25.152-b01 mixed mode linux-amd64 compressed oops)
Heap:
 PSYoungGen      total 426496K, used 6969K [0x00000000e0000000, 0x00000000fb600000, 0x0000000100000000)
  eden space 404480K, 0% used [0x00000000e0000000,0x00000000e0000000,0x00000000f8b00000)
  from space 22016K, 31% used [0x00000000f8b00000,0x00000000f91ce678,0x00000000fa080000)
  to   space 19456K, 0% used [0x00000000fa300000,0x00000000fa300000,0x00000000fb600000)
 ParOldGen       total 112640K, used 51133K [0x00000000a0000000, 0x00000000a6e00000, 0x00000000e0000000)
  object space 112640K, 45% used [0x00000000a0000000,0x00000000a31ef440,0x00000000a6e00000)
 Metaspace       used 74039K, capacity 77470K, committed 77528K, reserved 1116160K
  class space    used 9417K, capacity 10198K, committed 10240K, reserved 1048576K
GC Heap History (10 events):
Event: 72.191 GC heap after
Heap after GC invocations=20 (full 3):
 PSYoungGen      total 273920K, used 160K [0x00000000e0000000, 0x00000000f6c80000, 0x0000000100000000)
  eden space 249344K, 0% used [0x00000000e0000000,0x00000000e0000000,0x00000000ef380000)
  from space 24576K, 0% used [0x00000000ef380000,0x00000000ef3a8000,0x00000000f0b80000)
  to   space 24576K, 0% used [0x00000000f5480000,0x00000000f5480000,0x00000000f6c80000)
 ParOldGen       total 82944K, used 65939K [0x00000000a0000000, 0x00000000a5100000, 0x00000000e0000000)
  object space 82944K, 79% used [0x00000000a0000000,0x00000000a4064db0,0x00000000a5100000)
 Metaspace       used 65729K, capacity 67840K, committed 68056K, reserved 1107968K
  class space    used 8649K, capacity 9167K, committed 9216K, reserved 1048576K
}
Event: 164.331 GC heap before
{Heap before GC invocations=21 (full 3):
 PSYoungGen      total 273920K, used 249504K [0x00000000e0000000, 0x00000000f6c80000, 0x0000000100000000)
  eden space 249344K, 100% used [0x00000000e0000000,0x00000000ef380000,0x00000000ef380000)
  from space 24576K, 0% used [0x00000000ef380000,0x00000000ef3a8000,0x00000000f0b80000)
  to   space 24576K, 0% used [0x00000000f5480000,0x00000000f5480000,0x00000000f6c80000)
 ParOldGen       total 82944K, used 65939K [0x00000000a0000000, 0x00000000a5100000, 0x00000000e0000000)
  object space 82944K, 79% used [0x00000000a0000000,0x00000000a4064db0,0x00000000a5100000)
 Metaspace       used 71696K, capacity 74608K, committed 74712K, reserved 1114112K
  class space    used 9279K, capacity 9937K, committed 9984K, reserved 1048576K
Event: 164.382 GC heap after
Heap after GC invocations=21 (full 3):
 PSYoungGen      total 336384K, used 11543K [0x00000000e0000000, 0x00000000f6600000, 0x0000000100000000)
  eden space 318464K, 0% used [0x00000000e0000000,0x00000000e0000000,0x00000000f3700000)
  from space 17920K, 64% used [0x00000000f5480000,0x00000000f5fc5c38,0x00000000f6600000)
  to   space 24064K, 0% used [0x00000000f3700000,0x00000000f3700000,0x00000000f4e80000)
 ParOldGen       total 82944K, used 65979K [0x00000000a0000000, 0x00000000a5100000, 0x00000000e0000000)
  object space 82944K, 79% used [0x00000000a0000000,0x00000000a406edb0,0x00000000a5100000)
 Metaspace       used 71696K, capacity 74608K, committed 74712K, reserved 1114112K
  class space    used 9279K, capacity 9937K, committed 9984K, reserved 1048576K
}
Event: 169.773 GC heap before
{Heap before GC invocations=22 (full 3):
 PSYoungGen      total 336384K, used 330007K [0x00000000e0000000, 0x00000000f6600000, 0x0000000100000000)
  eden space 318464K, 100% used [0x00000000e0000000,0x00000000f3700000,0x00000000f3700000)
  from space 17920K, 64% used [0x00000000f5480000,0x00000000f5fc5c38,0x00000000f6600000)
  to   space 24064K, 0% used [0x00000000f3700000,0x00000000f3700000,0x00000000f4e80000)
 ParOldGen       total 82944K, used 65979K [0x00000000a0000000, 0x00000000a5100000, 0x00000000e0000000)
  object space 82944K, 79% used [0x00000000a0000000,0x00000000a406edb0,0x00000000a5100000)
 Metaspace       used 72251K, capacity 75250K, committed 75480K, reserved 1114112K
  class space    used 9307K, capacity 9978K, committed 9984K, reserved 1048576K
Event: 169.962 GC heap after
Heap after GC invocations=22 (full 3):
 PSYoungGen      total 342528K, used 9280K [0x00000000e0000000, 0x00000000fb980000, 0x0000000100000000)
  eden space 318464K, 0% used [0x00000000e0000000,0x00000000e0000000,0x00000000f3700000)
  from space 24064K, 38% used [0x00000000f3700000,0x00000000f40100a8,0x00000000f4e80000)
  to   space 23040K, 0% used [0x00000000fa300000,0x00000000fa300000,0x00000000fb980000)
 ParOldGen       total 82944K, used 73631K [0x00000000a0000000, 0x00000000a5100000, 0x00000000e0000000)
  object space 82944K, 88% used [0x00000000a0000000,0x00000000a47e7f78,0x00000000a5100000)
 Metaspace       used 72251K, capacity 75250K, committed 75480K, reserved 1114112K
  class space    used 9307K, capacity 9978K, committed 9984K, reserved 1048576K
}
Event: 169.962 GC heap before
{Heap before GC invocations=23 (full 4):
 PSYoungGen      total 342528K, used 9280K [0x00000000e0000000, 0x00000000fb980000, 0x0000000100000000)
  eden space 318464K, 0% used [0x00000000e0000000,0x00000000e0000000,0x00000000f3700000)
  from space 24064K, 38% used [0x00000000f3700000,0x00000000f40100a8,0x00000000f4e80000)
  to   space 23040K, 0% used [0x00000000fa300000,0x00000000fa300000,0x00000000fb980000)
 ParOldGen       total 82944K, used 73631K [0x00000000a0000000, 0x00000000a5100000, 0x00000000e0000000)
  object space 82944K, 88% used [0x00000000a0000000,0x00000000a47e7f78,0x00000000a5100000)
 Metaspace       used 72251K, capacity 75250K, committed 75480K, reserved 1114112K
  class space    used 9307K, capacity 9978K, committed 9984K, reserved 1048576K
Event: 170.424 GC heap after
Heap after GC invocations=23 (full 4):
 PSYoungGen      total 342528K, used 0K [0x00000000e0000000, 0x00000000fb980000, 0x0000000100000000)
  eden space 318464K, 0% used [0x00000000e0000000,0x00000000e0000000,0x00000000f3700000)
  from space 24064K, 0% used [0x00000000f3700000,0x00000000f3700000,0x00000000f4e80000)
  to   space 23040K, 0% used [0x00000000fa300000,0x00000000fa300000,0x00000000fb980000)
 ParOldGen       total 112640K, used 50204K [0x00000000a0000000, 0x00000000a6e00000, 0x00000000e0000000)
  object space 112640K, 44% used [0x00000000a0000000,0x00000000a31073a0,0x00000000a6e00000)
 Metaspace       used 72227K, capacity 75194K, committed 75480K, reserved 1114112K
  class space    used 9298K, capacity 9962K, committed 9984K, reserved 1048576K
}
Event: 176.140 GC heap before
{Heap before GC invocations=24 (full 4):
 PSYoungGen      total 342528K, used 318236K [0x00000000e0000000, 0x00000000fb980000, 0x0000000100000000)
  eden space 318464K, 99% used [0x00000000e0000000,0x00000000f36c7368,0x00000000f3700000)
  from space 24064K, 0% used [0x00000000f3700000,0x00000000f3700000,0x00000000f4e80000)
  to   space 23040K, 0% used [0x00000000fa300000,0x00000000fa300000,0x00000000fb980000)
 ParOldGen       total 112640K, used 50204K [0x00000000a0000000, 0x00000000a6e00000, 0x00000000e0000000)
  object space 112640K, 44% used [0x00000000a0000000,0x00000000a31073a0,0x00000000a6e00000)
 Metaspace       used 72694K, capacity 75670K, committed 75864K, reserved 1116160K
  class space    used 9333K, capacity 10004K, committed 10112K, reserved 1048576K
Event: 176.155 GC heap after
Heap after GC invocations=24 (full 4):
 PSYoungGen      total 423936K, used 5123K [0x00000000e0000000, 0x00000000fb600000, 0x0000000100000000)
  eden space 404480K, 0% used [0x00000000e0000000,0x00000000e0000000,0x00000000f8b00000)
  from space 19456K, 26% used [0x00000000fa300000,0x00000000fa800f88,0x00000000fb600000)
  to   space 22016K, 0% used [0x00000000f8b00000,0x00000000f8b00000,0x00000000fa080000)
 ParOldGen       total 112640K, used 50212K [0x00000000a0000000, 0x00000000a6e00000, 0x00000000e0000000)
  object space 112640K, 44% used [0x00000000a0000000,0x00000000a31093a0,0x00000000a6e00000)
 Metaspace       used 72694K, capacity 75670K, committed 75864K, reserved 1116160K
  class space    used 9333K, capacity 10004K, committed 10112K, reserved 1048576K
}
Event: 840.020 GC heap before
{Heap before GC invocations=25 (full 4):
 PSYoungGen      total 423936K, used 409603K [0x00000000e0000000, 0x00000000fb600000, 0x0000000100000000)
  eden space 404480K, 99% used [0x00000000e0000000,0x00000000f8affee0,0x00000000f8b00000)
  from space 19456K, 26% used [0x00000000fa300000,0x00000000fa800f88,0x00000000fb600000)
  to   space 22016K, 0% used [0x00000000f8b00000,0x00000000f8b00000,0x00000000fa080000)
 ParOldGen       total 112640K, used 50212K [0x00000000a0000000, 0x00000000a6e00000, 0x00000000e0000000)
  object space 112640K, 44% used [0x00000000a0000000,0x00000000a31093a0,0x00000000a6e00000)
 Metaspace       used 74039K, capacity 77470K, committed 77528K, reserved 1116160K
  class space    used 9417K, capacity 10198K, committed 10240K, reserved 1048576K

